12-Jun-2024 12:26:39.720 SEVERE [http-nio-8080-exec-1] org.apache.catalina.core.StandardWrapperValve.invoke Servlet.service() for servlet [jsp] in context with path [/app] threw exception [Unable to compile class for JSP: 

An error occurred at line: [26] in the jsp file: [/index.jsp]
Duplicate local variable now
23:         <div>
24:             当前年份:
25:             <%
26:                 java.time.LocalDateTime  now = java.time.LocalDateTime.now();
27:                 int year = now.getYear();
28:                 int month = now.getMonthValue();
29:                 int day = now.getDayOfMonth();


An error occurred at line: [27] in the jsp file: [/index.jsp]
Duplicate local variable year
24:             当前年份:
25:             <%
26:                 java.time.LocalDateTime  now = java.time.LocalDateTime.now();
27:                 int year = now.getYear();
28:                 int month = now.getMonthValue();
29:                 int day = now.getDayOfMonth();
30:                 int hour = now.getHour();


An error occurred at line: [28] in the jsp file: [/index.jsp]
Duplicate local variable month
25:             <%
26:                 java.time.LocalDateTime  now = java.time.LocalDateTime.now();
27:                 int year = now.getYear();
28:                 int month = now.getMonthValue();
29:                 int day = now.getDayOfMonth();
30:                 int hour = now.getHour();
31:                 int minute = now.getMinute();


An error occurred at line: [29] in the jsp file: [/index.jsp]
Duplicate local variable day
26:                 java.time.LocalDateTime  now = java.time.LocalDateTime.now();
27:                 int year = now.getYear();
28:                 int month = now.getMonthValue();
29:                 int day = now.getDayOfMonth();
30:                 int hour = now.getHour();
31:                 int minute = now.getMinute();
32:                 int second = now.getSecond();


An error occurred at line: [30] in the jsp file: [/index.jsp]
Duplicate local variable hour
27:                 int year = now.getYear();
28:                 int month = now.getMonthValue();
29:                 int day = now.getDayOfMonth();
30:                 int hour = now.getHour();
31:                 int minute = now.getMinute();
32:                 int second = now.getSecond();
33: 


An error occurred at line: [31] in the jsp file: [/index.jsp]
Duplicate local variable minute
28:                 int month = now.getMonthValue();
29:                 int day = now.getDayOfMonth();
30:                 int hour = now.getHour();
31:                 int minute = now.getMinute();
32:                 int second = now.getSecond();
33: 
34:                 out.println(year);


An error occurred at line: [32] in the jsp file: [/index.jsp]
Duplicate local variable second
29:                 int day = now.getDayOfMonth();
30:                 int hour = now.getHour();
31:                 int minute = now.getMinute();
32:                 int second = now.getSecond();
33: 
34:                 out.println(year);
35:             %>


Stacktrace:] with root cause
	org.apache.jasper.JasperException: Unable to compile class for JSP: 

An error occurred at line: [26] in the jsp file: [/index.jsp]
Duplicate local variable now
23:         <div>
24:             当前年份:
25:             <%
26:                 java.time.LocalDateTime  now = java.time.LocalDateTime.now();
27:                 int year = now.getYear();
28:                 int month = now.getMonthValue();
29:                 int day = now.getDayOfMonth();


An error occurred at line: [27] in the jsp file: [/index.jsp]
Duplicate local variable year
24:             当前年份:
25:             <%
26:                 java.time.LocalDateTime  now = java.time.LocalDateTime.now();
27:                 int year = now.getYear();
28:                 int month = now.getMonthValue();
29:                 int day = now.getDayOfMonth();
30:                 int hour = now.getHour();


An error occurred at line: [28] in the jsp file: [/index.jsp]
Duplicate local variable month
25:             <%
26:                 java.time.LocalDateTime  now = java.time.LocalDateTime.now();
27:                 int year = now.getYear();
28:                 int month = now.getMonthValue();
29:                 int day = now.getDayOfMonth();
30:                 int hour = now.getHour();
31:                 int minute = now.getMinute();


An error occurred at line: [29] in the jsp file: [/index.jsp]
Duplicate local variable day
26:                 java.time.LocalDateTime  now = java.time.LocalDateTime.now();
27:                 int year = now.getYear();
28:                 int month = now.getMonthValue();
29:                 int day = now.getDayOfMonth();
30:                 int hour = now.getHour();
31:                 int minute = now.getMinute();
32:                 int second = now.getSecond();


An error occurred at line: [30] in the jsp file: [/index.jsp]
Duplicate local variable hour
27:                 int year = now.getYear();
28:                 int month = now.getMonthValue();
29:                 int day = now.getDayOfMonth();
30:                 int hour = now.getHour();
31:                 int minute = now.getMinute();
32:                 int second = now.getSecond();
33: 


An error occurred at line: [31] in the jsp file: [/index.jsp]
Duplicate local variable minute
28:                 int month = now.getMonthValue();
29:                 int day = now.getDayOfMonth();
30:                 int hour = now.getHour();
31:                 int minute = now.getMinute();
32:                 int second = now.getSecond();
33: 
34:                 out.println(year);


An error occurred at line: [32] in the jsp file: [/index.jsp]
Duplicate local variable second
29:                 int day = now.getDayOfMonth();
30:                 int hour = now.getHour();
31:                 int minute = now.getMinute();
32:                 int second = now.getSecond();
33: 
34:                 out.println(year);
35:             %>


Stacktrace:
		at org.apache.jasper.compiler.DefaultErrorHandler.javacError(DefaultErrorHandler.java:102)
		at org.apache.jasper.compiler.ErrorDispatcher.javacError(ErrorDispatcher.java:214)
		at org.apache.jasper.compiler.JDTCompiler.generateClass(JDTCompiler.java:611)
		at org.apache.jasper.compiler.Compiler.compile(Compiler.java:381)
		at org.apache.jasper.compiler.Compiler.compile(Compiler.java:351)
		at org.apache.jasper.compiler.Compiler.compile(Compiler.java:335)
		at org.apache.jasper.JspCompilationContext.compile(JspCompilationContext.java:597)
		at org.apache.jasper.servlet.JspServletWrapper.service(JspServletWrapper.java:398)
		at org.apache.jasper.servlet.JspServlet.serviceJspFile(JspServlet.java:383)
		at org.apache.jasper.servlet.JspServlet.service(JspServlet.java:331)
		at javax.servlet.http.HttpServlet.service(HttpServlet.java:583)
		at org.apache.catalina.core.ApplicationFilterChain.internalDoFilter(ApplicationFilterChain.java:212)
		at org.apache.catalina.core.ApplicationFilterChain.doFilter(ApplicationFilterChain.java:156)
		at org.apache.tomcat.websocket.server.WsFilter.doFilter(WsFilter.java:51)
		at org.apache.catalina.core.ApplicationFilterChain.internalDoFilter(ApplicationFilterChain.java:181)
		at org.apache.catalina.core.ApplicationFilterChain.doFilter(ApplicationFilterChain.java:156)
		at org.apache.catalina.core.StandardWrapperValve.invoke(StandardWrapperValve.java:168)
		at org.apache.catalina.core.StandardContextValve.invoke(StandardContextValve.java:90)
		at org.apache.catalina.authenticator.AuthenticatorBase.invoke(AuthenticatorBase.java:483)
		at org.apache.catalina.core.StandardHostValve.invoke(StandardHostValve.java:130)
		at org.apache.catalina.valves.ErrorReportValve.invoke(ErrorReportValve.java:93)
		at org.apache.catalina.valves.AbstractAccessLogValve.invoke(AbstractAccessLogValve.java:679)
		at org.apache.catalina.core.StandardEngineValve.invoke(StandardEngineValve.java:74)
		at org.apache.catalina.connector.CoyoteAdapter.service(CoyoteAdapter.java:346)
		at org.apache.coyote.http11.Http11Processor.service(Http11Processor.java:617)
		at org.apache.coyote.AbstractProcessorLight.process(AbstractProcessorLight.java:63)
		at org.apache.coyote.AbstractProtocol$ConnectionHandler.process(AbstractProtocol.java:934)
		at org.apache.tomcat.util.net.NioEndpoint$SocketProcessor.doRun(NioEndpoint.java:1690)
		at org.apache.tomcat.util.net.SocketProcessorBase.run(SocketProcessorBase.java:52)
		at org.apache.tomcat.util.threads.ThreadPoolExecutor.runWorker(ThreadPoolExecutor.java:1191)
		at org.apache.tomcat.util.threads.ThreadPoolExecutor$Worker.run(ThreadPoolExecutor.java:659)
		at org.apache.tomcat.util.threads.TaskThread$WrappingRunnable.run(TaskThread.java:63)
		at java.base/java.lang.Thread.run(Thread.java:840)
