06-Jun-2024 15:59:14.946 INFO [main] org.apache.catalina.startup.VersionLoggerListener.log Server version name:   Apache Tomcat/8.5.100
06-Jun-2024 15:59:14.951 INFO [main] org.apache.catalina.startup.VersionLoggerListener.log Server built:          Mar 19 2024 13:54:42 UTC
06-Jun-2024 15:59:14.952 INFO [main] org.apache.catalina.startup.VersionLoggerListener.log Server version number: 8.5.100.0
06-Jun-2024 15:59:14.953 INFO [main] org.apache.catalina.startup.VersionLoggerListener.log OS Name:               Windows 10
06-Jun-2024 15:59:14.953 INFO [main] org.apache.catalina.startup.VersionLoggerListener.log OS Version:            10.0
06-Jun-2024 15:59:14.953 INFO [main] org.apache.catalina.startup.VersionLoggerListener.log Architecture:          amd64
06-Jun-2024 15:59:14.953 INFO [main] org.apache.catalina.startup.VersionLoggerListener.log Java Home:             C:\Users\33149\scoop\apps\microsoft17-jdk\current
06-Jun-2024 15:59:14.953 INFO [main] org.apache.catalina.startup.VersionLoggerListener.log JVM Version:           17.0.9+8-LTS
06-Jun-2024 15:59:14.954 INFO [main] org.apache.catalina.startup.VersionLoggerListener.log JVM Vendor:            Microsoft
06-Jun-2024 15:59:14.954 INFO [main] org.apache.catalina.startup.VersionLoggerListener.log CATALINA_BASE:         C:\Users\33149\Desktop\Java2024\2024.6.5\apache-tomcat-8.5.100
06-Jun-2024 15:59:14.955 INFO [main] org.apache.catalina.startup.VersionLoggerListener.log CATALINA_HOME:         C:\Users\33149\Desktop\Java2024\2024.6.5\apache-tomcat-8.5.100
06-Jun-2024 15:59:14.955 INFO [main] org.apache.catalina.startup.VersionLoggerListener.log Command line argument: --add-opens=java.base/java.lang=ALL-UNNAMED
06-Jun-2024 15:59:14.955 INFO [main] org.apache.catalina.startup.VersionLoggerListener.log Command line argument: --add-opens=java.base/java.io=ALL-UNNAMED
06-Jun-2024 15:59:14.956 INFO [main] org.apache.catalina.startup.VersionLoggerListener.log Command line argument: --add-opens=java.base/java.util=ALL-UNNAMED
06-Jun-2024 15:59:14.956 INFO [main] org.apache.catalina.startup.VersionLoggerListener.log Command line argument: --add-opens=java.base/java.util.concurrent=ALL-UNNAMED
06-Jun-2024 15:59:14.957 INFO [main] org.apache.catalina.startup.VersionLoggerListener.log Command line argument: --add-opens=java.rmi/sun.rmi.transport=ALL-UNNAMED
06-Jun-2024 15:59:14.958 INFO [main] org.apache.catalina.startup.VersionLoggerListener.log Command line argument: -Djava.util.logging.config.file=C:\Users\33149\Desktop\Java2024\2024.6.5\apache-tomcat-8.5.100\conf\logging.properties
06-Jun-2024 15:59:14.959 INFO [main] org.apache.catalina.startup.VersionLoggerListener.log Command line argument: -Djava.util.logging.manager=org.apache.juli.ClassLoaderLogManager
06-Jun-2024 15:59:14.960 INFO [main] org.apache.catalina.startup.VersionLoggerListener.log Command line argument: -Djdk.tls.ephemeralDHKeySize=2048
06-Jun-2024 15:59:14.961 INFO [main] org.apache.catalina.startup.VersionLoggerListener.log Command line argument: -Djava.protocol.handler.pkgs=org.apache.catalina.webresources
06-Jun-2024 15:59:14.962 INFO [main] org.apache.catalina.startup.VersionLoggerListener.log Command line argument: -Dignore.endorsed.dirs=
06-Jun-2024 15:59:14.962 INFO [main] org.apache.catalina.startup.VersionLoggerListener.log Command line argument: -Dcatalina.base=C:\Users\33149\Desktop\Java2024\2024.6.5\apache-tomcat-8.5.100
06-Jun-2024 15:59:14.963 INFO [main] org.apache.catalina.startup.VersionLoggerListener.log Command line argument: -Dcatalina.home=C:\Users\33149\Desktop\Java2024\2024.6.5\apache-tomcat-8.5.100
06-Jun-2024 15:59:14.965 INFO [main] org.apache.catalina.startup.VersionLoggerListener.log Command line argument: -Djava.io.tmpdir=C:\Users\33149\Desktop\Java2024\2024.6.5\apache-tomcat-8.5.100\temp
06-Jun-2024 15:59:14.971 INFO [main] org.apache.catalina.core.AprLifecycleListener.lifecycleEvent Loaded Apache Tomcat Native library [1.2.39] using APR version [1.7.4].
06-Jun-2024 15:59:14.973 INFO [main] org.apache.catalina.core.AprLifecycleListener.lifecycleEvent APR capabilities: IPv6 [true], sendfile [true], accept filters [false], random [true], UDS [{4}].
06-Jun-2024 15:59:14.973 INFO [main] org.apache.catalina.core.AprLifecycleListener.lifecycleEvent APR/OpenSSL configuration: useAprConnector [false], useOpenSSL [true]
06-Jun-2024 15:59:14.985 INFO [main] org.apache.catalina.core.AprLifecycleListener.initializeSSL OpenSSL successfully initialized [OpenSSL 3.0.11 19 Sep 2023]
06-Jun-2024 15:59:15.032 INFO [main] org.apache.coyote.AbstractProtocol.init Initializing ProtocolHandler ["http-nio-8080"]
06-Jun-2024 15:59:15.080 INFO [main] org.apache.catalina.startup.Catalina.load Initialization processed in 622 ms
06-Jun-2024 15:59:15.170 INFO [main] org.apache.catalina.core.StandardService.startInternal Starting service [Catalina]
06-Jun-2024 15:59:15.171 INFO [main] org.apache.catalina.core.StandardEngine.startInternal Starting Servlet engine: [Apache Tomcat/8.5.100]
06-Jun-2024 15:59:15.188 INFO [localhost-startStop-1] org.apache.catalina.startup.HostConfig.deployDirectory Deploying web application directory [C:\Users\33149\Desktop\Java2024\2024.6.5\apache-tomcat-8.5.100\webapps\docs]
06-Jun-2024 15:59:15.740 INFO [localhost-startStop-1] org.apache.catalina.startup.HostConfig.deployDirectory Deployment of web application directory [C:\Users\33149\Desktop\Java2024\2024.6.5\apache-tomcat-8.5.100\webapps\docs] has finished in [552] ms
06-Jun-2024 15:59:15.742 INFO [localhost-startStop-1] org.apache.catalina.startup.HostConfig.deployDirectory Deploying web application directory [C:\Users\33149\Desktop\Java2024\2024.6.5\apache-tomcat-8.5.100\webapps\examples]
06-Jun-2024 15:59:16.448 INFO [localhost-startStop-1] org.apache.catalina.startup.HostConfig.deployDirectory Deployment of web application directory [C:\Users\33149\Desktop\Java2024\2024.6.5\apache-tomcat-8.5.100\webapps\examples] has finished in [706] ms
06-Jun-2024 15:59:16.449 INFO [localhost-startStop-1] org.apache.catalina.startup.HostConfig.deployDirectory Deploying web application directory [C:\Users\33149\Desktop\Java2024\2024.6.5\apache-tomcat-8.5.100\webapps\host-manager]
06-Jun-2024 15:59:16.526 INFO [localhost-startStop-1] org.apache.catalina.startup.HostConfig.deployDirectory Deployment of web application directory [C:\Users\33149\Desktop\Java2024\2024.6.5\apache-tomcat-8.5.100\webapps\host-manager] has finished in [76] ms
06-Jun-2024 15:59:16.527 INFO [localhost-startStop-1] org.apache.catalina.startup.HostConfig.deployDirectory Deploying web application directory [C:\Users\33149\Desktop\Java2024\2024.6.5\apache-tomcat-8.5.100\webapps\manager]
06-Jun-2024 15:59:16.607 INFO [localhost-startStop-1] org.apache.catalina.startup.HostConfig.deployDirectory Deployment of web application directory [C:\Users\33149\Desktop\Java2024\2024.6.5\apache-tomcat-8.5.100\webapps\manager] has finished in [80] ms
06-Jun-2024 15:59:16.608 INFO [localhost-startStop-1] org.apache.catalina.startup.HostConfig.deployDirectory Deploying web application directory [C:\Users\33149\Desktop\Java2024\2024.6.5\apache-tomcat-8.5.100\webapps\ROOT]
06-Jun-2024 15:59:16.666 INFO [localhost-startStop-1] org.apache.catalina.startup.HostConfig.deployDirectory Deployment of web application directory [C:\Users\33149\Desktop\Java2024\2024.6.5\apache-tomcat-8.5.100\webapps\ROOT] has finished in [57] ms
06-Jun-2024 15:59:16.673 INFO [main] org.apache.coyote.AbstractProtocol.start Starting ProtocolHandler ["http-nio-8080"]
06-Jun-2024 15:59:16.750 INFO [main] org.apache.catalina.startup.Catalina.start Server startup in 1669 ms
06-Jun-2024 16:00:18.003 INFO [Thread-1] org.apache.coyote.AbstractProtocol.pause Pausing ProtocolHandler ["http-nio-8080"]
06-Jun-2024 16:00:18.019 INFO [Thread-1] org.apache.catalina.core.StandardService.stopInternal Stopping service [Catalina]
06-Jun-2024 16:00:18.057 INFO [Thread-1] org.apache.coyote.AbstractProtocol.stop Stopping ProtocolHandler ["http-nio-8080"]
06-Jun-2024 16:00:18.073 INFO [Thread-1] org.apache.coyote.AbstractProtocol.destroy Destroying ProtocolHandler ["http-nio-8080"]
06-Jun-2024 16:00:37.678 SEVERE [main] org.apache.catalina.startup.Catalina.stopServer Could not contact [localhost:8005] (base port [8005] and offset [0]). Tomcat may not be running.
06-Jun-2024 16:00:54.751 INFO [main] org.apache.catalina.startup.VersionLoggerListener.log Server version name:   Apache Tomcat/8.5.100
06-Jun-2024 16:00:54.764 INFO [main] org.apache.catalina.startup.VersionLoggerListener.log Server built:          Mar 19 2024 13:54:42 UTC
06-Jun-2024 16:00:54.764 INFO [main] org.apache.catalina.startup.VersionLoggerListener.log Server version number: 8.5.100.0
06-Jun-2024 16:00:54.764 INFO [main] org.apache.catalina.startup.VersionLoggerListener.log OS Name:               Windows 10
06-Jun-2024 16:00:54.764 INFO [main] org.apache.catalina.startup.VersionLoggerListener.log OS Version:            10.0
06-Jun-2024 16:00:54.764 INFO [main] org.apache.catalina.startup.VersionLoggerListener.log Architecture:          amd64
06-Jun-2024 16:00:54.764 INFO [main] org.apache.catalina.startup.VersionLoggerListener.log Java Home:             C:\Users\33149\scoop\apps\microsoft17-jdk\current
06-Jun-2024 16:00:54.764 INFO [main] org.apache.catalina.startup.VersionLoggerListener.log JVM Version:           17.0.9+8-LTS
06-Jun-2024 16:00:54.764 INFO [main] org.apache.catalina.startup.VersionLoggerListener.log JVM Vendor:            Microsoft
06-Jun-2024 16:00:54.764 INFO [main] org.apache.catalina.startup.VersionLoggerListener.log CATALINA_BASE:         C:\Users\33149\Desktop\Java2024\2024.6.5\apache-tomcat-8.5.100
06-Jun-2024 16:00:54.764 INFO [main] org.apache.catalina.startup.VersionLoggerListener.log CATALINA_HOME:         C:\Users\33149\Desktop\Java2024\2024.6.5\apache-tomcat-8.5.100
06-Jun-2024 16:00:54.764 INFO [main] org.apache.catalina.startup.VersionLoggerListener.log Command line argument: --add-opens=java.base/java.lang=ALL-UNNAMED
06-Jun-2024 16:00:54.764 INFO [main] org.apache.catalina.startup.VersionLoggerListener.log Command line argument: --add-opens=java.base/java.io=ALL-UNNAMED
06-Jun-2024 16:00:54.764 INFO [main] org.apache.catalina.startup.VersionLoggerListener.log Command line argument: --add-opens=java.base/java.util=ALL-UNNAMED
06-Jun-2024 16:00:54.764 INFO [main] org.apache.catalina.startup.VersionLoggerListener.log Command line argument: --add-opens=java.base/java.util.concurrent=ALL-UNNAMED
06-Jun-2024 16:00:54.764 INFO [main] org.apache.catalina.startup.VersionLoggerListener.log Command line argument: --add-opens=java.rmi/sun.rmi.transport=ALL-UNNAMED
06-Jun-2024 16:00:54.764 INFO [main] org.apache.catalina.startup.VersionLoggerListener.log Command line argument: -Djava.util.logging.config.file=C:\Users\33149\Desktop\Java2024\2024.6.5\apache-tomcat-8.5.100\conf\logging.properties
06-Jun-2024 16:00:54.764 INFO [main] org.apache.catalina.startup.VersionLoggerListener.log Command line argument: -Djava.util.logging.manager=org.apache.juli.ClassLoaderLogManager
06-Jun-2024 16:00:54.764 INFO [main] org.apache.catalina.startup.VersionLoggerListener.log Command line argument: -Djdk.tls.ephemeralDHKeySize=2048
06-Jun-2024 16:00:54.764 INFO [main] org.apache.catalina.startup.VersionLoggerListener.log Command line argument: -Djava.protocol.handler.pkgs=org.apache.catalina.webresources
06-Jun-2024 16:00:54.764 INFO [main] org.apache.catalina.startup.VersionLoggerListener.log Command line argument: -Dignore.endorsed.dirs=
06-Jun-2024 16:00:54.764 INFO [main] org.apache.catalina.startup.VersionLoggerListener.log Command line argument: -Dcatalina.base=C:\Users\33149\Desktop\Java2024\2024.6.5\apache-tomcat-8.5.100
06-Jun-2024 16:00:54.764 INFO [main] org.apache.catalina.startup.VersionLoggerListener.log Command line argument: -Dcatalina.home=C:\Users\33149\Desktop\Java2024\2024.6.5\apache-tomcat-8.5.100
06-Jun-2024 16:00:54.764 INFO [main] org.apache.catalina.startup.VersionLoggerListener.log Command line argument: -Djava.io.tmpdir=C:\Users\33149\Desktop\Java2024\2024.6.5\apache-tomcat-8.5.100\temp
06-Jun-2024 16:00:54.764 INFO [main] org.apache.catalina.core.AprLifecycleListener.lifecycleEvent Loaded Apache Tomcat Native library [1.2.39] using APR version [1.7.4].
06-Jun-2024 16:00:54.764 INFO [main] org.apache.catalina.core.AprLifecycleListener.lifecycleEvent APR capabilities: IPv6 [true], sendfile [true], accept filters [false], random [true], UDS [{4}].
06-Jun-2024 16:00:54.764 INFO [main] org.apache.catalina.core.AprLifecycleListener.lifecycleEvent APR/OpenSSL configuration: useAprConnector [false], useOpenSSL [true]
06-Jun-2024 16:00:54.780 INFO [main] org.apache.catalina.core.AprLifecycleListener.initializeSSL OpenSSL successfully initialized [OpenSSL 3.0.11 19 Sep 2023]
06-Jun-2024 16:00:54.843 INFO [main] org.apache.coyote.AbstractProtocol.init Initializing ProtocolHandler ["http-nio-8080"]
06-Jun-2024 16:00:54.875 INFO [main] org.apache.catalina.startup.Catalina.load Initialization processed in 624 ms
06-Jun-2024 16:00:54.953 INFO [main] org.apache.catalina.core.StandardService.startInternal Starting service [Catalina]
06-Jun-2024 16:00:54.953 INFO [main] org.apache.catalina.core.StandardEngine.startInternal Starting Servlet engine: [Apache Tomcat/8.5.100]
06-Jun-2024 16:00:54.968 INFO [localhost-startStop-1] org.apache.catalina.startup.HostConfig.deployDirectory Deploying web application directory [C:\Users\33149\Desktop\Java2024\2024.6.5\apache-tomcat-8.5.100\webapps\docs]
06-Jun-2024 16:00:55.338 INFO [localhost-startStop-1] org.apache.catalina.startup.HostConfig.deployDirectory Deployment of web application directory [C:\Users\33149\Desktop\Java2024\2024.6.5\apache-tomcat-8.5.100\webapps\docs] has finished in [370] ms
06-Jun-2024 16:00:55.338 INFO [localhost-startStop-1] org.apache.catalina.startup.HostConfig.deployDirectory Deploying web application directory [C:\Users\33149\Desktop\Java2024\2024.6.5\apache-tomcat-8.5.100\webapps\examples]
06-Jun-2024 16:00:55.889 INFO [localhost-startStop-1] org.apache.catalina.startup.HostConfig.deployDirectory Deployment of web application directory [C:\Users\33149\Desktop\Java2024\2024.6.5\apache-tomcat-8.5.100\webapps\examples] has finished in [551] ms
06-Jun-2024 16:00:55.889 INFO [localhost-startStop-1] org.apache.catalina.startup.HostConfig.deployDirectory Deploying web application directory [C:\Users\33149\Desktop\Java2024\2024.6.5\apache-tomcat-8.5.100\webapps\host-manager]
06-Jun-2024 16:00:55.952 INFO [localhost-startStop-1] org.apache.catalina.startup.HostConfig.deployDirectory Deployment of web application directory [C:\Users\33149\Desktop\Java2024\2024.6.5\apache-tomcat-8.5.100\webapps\host-manager] has finished in [63] ms
06-Jun-2024 16:00:55.952 INFO [localhost-startStop-1] org.apache.catalina.startup.HostConfig.deployDirectory Deploying web application directory [C:\Users\33149\Desktop\Java2024\2024.6.5\apache-tomcat-8.5.100\webapps\manager]
06-Jun-2024 16:00:56.013 INFO [localhost-startStop-1] org.apache.catalina.startup.HostConfig.deployDirectory Deployment of web application directory [C:\Users\33149\Desktop\Java2024\2024.6.5\apache-tomcat-8.5.100\webapps\manager] has finished in [61] ms
06-Jun-2024 16:00:56.029 INFO [localhost-startStop-1] org.apache.catalina.startup.HostConfig.deployDirectory Deploying web application directory [C:\Users\33149\Desktop\Java2024\2024.6.5\apache-tomcat-8.5.100\webapps\ROOT]
06-Jun-2024 16:00:56.061 INFO [localhost-startStop-1] org.apache.catalina.startup.HostConfig.deployDirectory Deployment of web application directory [C:\Users\33149\Desktop\Java2024\2024.6.5\apache-tomcat-8.5.100\webapps\ROOT] has finished in [32] ms
06-Jun-2024 16:00:56.076 INFO [main] org.apache.coyote.AbstractProtocol.start Starting ProtocolHandler ["http-nio-8080"]
06-Jun-2024 16:00:56.149 INFO [main] org.apache.catalina.startup.Catalina.start Server startup in 1271 ms
06-Jun-2024 16:03:01.609 INFO [Thread-1] org.apache.coyote.AbstractProtocol.pause Pausing ProtocolHandler ["http-nio-8080"]
06-Jun-2024 16:03:01.631 INFO [Thread-1] org.apache.catalina.core.StandardService.stopInternal Stopping service [Catalina]
06-Jun-2024 16:03:01.668 INFO [Thread-1] org.apache.coyote.AbstractProtocol.stop Stopping ProtocolHandler ["http-nio-8080"]
06-Jun-2024 16:03:01.678 INFO [Thread-1] org.apache.coyote.AbstractProtocol.destroy Destroying ProtocolHandler ["http-nio-8080"]
